<?xml version="1.0" encoding="UTF-8"?>
<!-- Generated by org.testng.reporters.JUnitReportReporter -->
<testsuite hostname="NIS-PK503.local" failures="0" tests="1" name="org.hamzakhan.IOSBasics" time="97.655" errors="0" timestamp="2024-10-28T18:09:24 PKT" skipped="0">
  <testcase classname="org.hamzakhan.IOSBasics" name="IOSBasicTests" time="97.655"/>
</testsuite> <!-- org.hamzakhan.IOSBasics -->
